  main.cpp
C:\Users\Thomas\Documents\GitHub\Perlin-Noise-Project\Perlin Projekt\Perlin Projekt\PerlinNoise.h(89,21): warning C4018: "<": Konflikt zwischen "signed" und "unsigned"
C:\Users\Thomas\Documents\GitHub\Perlin-Noise-Project\Perlin Projekt\Perlin Projekt\PerlinNoise.h(92,22): warning C4018: "<": Konflikt zwischen "signed" und "unsigned"
C:\Users\Thomas\Documents\GitHub\Perlin-Noise-Project\Perlin Projekt\Perlin Projekt\PerlinNoise.h(100,21): warning C4018: "<": Konflikt zwischen "signed" und "unsigned"
C:\Users\Thomas\Documents\GitHub\Perlin-Noise-Project\Perlin Projekt\Perlin Projekt\PerlinNoise.h(102,22): warning C4018: "<": Konflikt zwischen "signed" und "unsigned"
C:\Users\Thomas\Documents\GitHub\Perlin-Noise-Project\Perlin Projekt\Perlin Projekt\PerlinMap.h(22,39): warning C4244: "=": Konvertierung von "double" in "uint32_t", möglicher Datenverlust
C:\Users\Thomas\Documents\GitHub\Perlin-Noise-Project\Perlin Projekt\Perlin Projekt\PerlinMap.h(12): message : beim Kompilieren der Klasse Vorlage-Memberfunktion "PerlinMap<PerlinNoise2D_MEM>::PerlinMap(uint32_t,uint32_t,uint32_t,uint32_t,uint32_t,uint32_t,uint32_t)"
C:\Users\Thomas\Documents\GitHub\Perlin-Noise-Project\Perlin Projekt\Perlin Projekt\main.cpp(76): message : Siehe Verweis auf die gerade kompilierte Instanziierung "PerlinMap<PerlinNoise2D_MEM>::PerlinMap(uint32_t,uint32_t,uint32_t,uint32_t,uint32_t,uint32_t,uint32_t)" der Funktions-Vorlage.
C:\Users\Thomas\Documents\GitHub\Perlin-Noise-Project\Perlin Projekt\Perlin Projekt\main.cpp(76): message : Siehe Verweis auf die gerade kompilierte Klasse Vorlage-Instanziierung "PerlinMap<PerlinNoise2D_MEM>".
C:\Users\Thomas\Documents\GitHub\Perlin-Noise-Project\Perlin Projekt\Perlin Projekt\PerlinMap.h(23,39): warning C4244: "=": Konvertierung von "double" in "uint32_t", möglicher Datenverlust
C:\Users\Thomas\Documents\GitHub\Perlin-Noise-Project\Perlin Projekt\Perlin Projekt\PerlinMap.h(38,2): warning C4018: "<": Konflikt zwischen "signed" und "unsigned"
C:\Users\Thomas\Documents\GitHub\Perlin-Noise-Project\Perlin Projekt\Perlin Projekt\PerlinMap.h(37): message : beim Kompilieren der Klasse Vorlage-Memberfunktion "void PerlinMap<PerlinNoise2D_MEM>::constructMapParts(uint32_t,uint32_t)"
C:\Users\Thomas\Documents\GitHub\Perlin-Noise-Project\Perlin Projekt\Perlin Projekt\PerlinMap.h(27): message : Siehe Verweis auf die gerade kompilierte Instanziierung "void PerlinMap<PerlinNoise2D_MEM>::constructMapParts(uint32_t,uint32_t)" der Funktions-Vorlage.
C:\Users\Thomas\Documents\GitHub\Perlin-Noise-Project\Perlin Projekt\Perlin Projekt\PerlinMap.h(41,2): warning C4018: "<": Konflikt zwischen "signed" und "unsigned"
C:\Users\Thomas\Documents\GitHub\Perlin-Noise-Project\Perlin Projekt\Perlin Projekt\PerlinMap.h(45,1): error C2664: "void std::vector<T,std::allocator<T>>::push_back(_Ty &&)" : Konvertierung von Argument 1 von "int" in "const _Ty &" nicht möglich
          with
          [
              T=PerlinNoise2D_MEM,
              _Ty=PerlinNoise2D_MEM
          ]
          and
          [
              _Ty=PerlinNoise2D_MEM
          ]
C:\Users\Thomas\Documents\GitHub\Perlin-Noise-Project\Perlin Projekt\Perlin Projekt\PerlinMap.h(45,1): message : Ursache: Konvertierung von "int" in "const _Ty" nicht möglich
          with
          [
              _Ty=PerlinNoise2D_MEM
          ]
C:\Users\Thomas\Documents\GitHub\Perlin-Noise-Project\Perlin Projekt\Perlin Projekt\PerlinMap.h(45,1): message : Quelltyp konnte von keinem Konstruktor angenommen werden, oder die Überladungsauflösung des Konstruktors ist mehrdeutig
C:\Program Files (x86)\Microsoft Visual Studio\2019\Community\VC\Tools\MSVC\14.25.28610\include\vector(716,10): message : Siehe Deklaration von "std::vector<T,std::allocator<T>>::push_back"
          with
          [
              T=PerlinNoise2D_MEM
          ]
  PerlinMap.cpp
C:\Users\Thomas\Documents\GitHub\Perlin-Noise-Project\Perlin Projekt\Perlin Projekt\PerlinNoise.h(89,21): warning C4018: "<": Konflikt zwischen "signed" und "unsigned"
C:\Users\Thomas\Documents\GitHub\Perlin-Noise-Project\Perlin Projekt\Perlin Projekt\PerlinNoise.h(92,22): warning C4018: "<": Konflikt zwischen "signed" und "unsigned"
C:\Users\Thomas\Documents\GitHub\Perlin-Noise-Project\Perlin Projekt\Perlin Projekt\PerlinNoise.h(100,21): warning C4018: "<": Konflikt zwischen "signed" und "unsigned"
C:\Users\Thomas\Documents\GitHub\Perlin-Noise-Project\Perlin Projekt\Perlin Projekt\PerlinNoise.h(102,22): warning C4018: "<": Konflikt zwischen "signed" und "unsigned"
