  PerlinMap.cpp
C:\Users\Thomas\Documents\GitHub\Perlin-Noise-Project\Perlin-Noise-Project\Perlin-Noise-Project\PerlinNoise.h(85,21): warning C4018: "<": Konflikt zwischen "signed" und "unsigned"
C:\Users\Thomas\Documents\GitHub\Perlin-Noise-Project\Perlin-Noise-Project\Perlin-Noise-Project\PerlinNoise.h(88,22): warning C4018: "<": Konflikt zwischen "signed" und "unsigned"
C:\Users\Thomas\Documents\GitHub\Perlin-Noise-Project\Perlin-Noise-Project\Perlin-Noise-Project\PerlinNoise.h(96,21): warning C4018: "<": Konflikt zwischen "signed" und "unsigned"
C:\Users\Thomas\Documents\GitHub\Perlin-Noise-Project\Perlin-Noise-Project\Perlin-Noise-Project\PerlinNoise.h(98,22): warning C4018: "<": Konflikt zwischen "signed" und "unsigned"
C:\Users\Thomas\Documents\GitHub\Perlin-Noise-Project\Perlin-Noise-Project\Perlin-Noise-Project\PerlinMap.h(29,21): warning C4018: "<": Konflikt zwischen "signed" und "unsigned"
C:\Users\Thomas\Documents\GitHub\Perlin-Noise-Project\Perlin-Noise-Project\Perlin-Noise-Project\PerlinMap.h(40,21): warning C4244: "Initialisierung": Konvertierung von "double" in "uint32_t", möglicher Datenverlust
C:\Users\Thomas\Documents\GitHub\Perlin-Noise-Project\Perlin-Noise-Project\Perlin-Noise-Project\PerlinMap.h(41,21): warning C4244: "Initialisierung": Konvertierung von "double" in "uint32_t", möglicher Datenverlust
C:\Users\Thomas\Documents\GitHub\Perlin-Noise-Project\Perlin-Noise-Project\Perlin-Noise-Project\PerlinMap.cpp(18,20): warning C4018: "<": Konflikt zwischen "signed" und "unsigned"
C:\Users\Thomas\Documents\GitHub\Perlin-Noise-Project\Perlin-Noise-Project\Perlin-Noise-Project\PerlinMap.cpp(22,20): warning C4018: "<": Konflikt zwischen "signed" und "unsigned"
  PerlinNoise.cpp
C:\Users\Thomas\Documents\GitHub\Perlin-Noise-Project\Perlin-Noise-Project\Perlin-Noise-Project\PerlinNoise.h(85,21): warning C4018: "<": Konflikt zwischen "signed" und "unsigned"
C:\Users\Thomas\Documents\GitHub\Perlin-Noise-Project\Perlin-Noise-Project\Perlin-Noise-Project\PerlinNoise.h(88,22): warning C4018: "<": Konflikt zwischen "signed" und "unsigned"
C:\Users\Thomas\Documents\GitHub\Perlin-Noise-Project\Perlin-Noise-Project\Perlin-Noise-Project\PerlinNoise.h(96,21): warning C4018: "<": Konflikt zwischen "signed" und "unsigned"
C:\Users\Thomas\Documents\GitHub\Perlin-Noise-Project\Perlin-Noise-Project\Perlin-Noise-Project\PerlinNoise.h(98,22): warning C4018: "<": Konflikt zwischen "signed" und "unsigned"
C:\Users\Thomas\Documents\GitHub\Perlin-Noise-Project\Perlin-Noise-Project\Perlin-Noise-Project\PerlinNoise.cpp(4,35): warning C4356: "PerlinNoise2D::objectCount": Statisches Datenmember darf nicht über eine abgeleitete Klasse initialisiert werden
C:\Users\Thomas\Documents\GitHub\Perlin-Noise-Project\Perlin-Noise-Project\Perlin-Noise-Project\PerlinNoise.cpp(7,30): warning C4244: "Initialisierung": Konvertierung von "double" in "uint32_t", möglicher Datenverlust
C:\Users\Thomas\Documents\GitHub\Perlin-Noise-Project\Perlin-Noise-Project\Perlin-Noise-Project\PerlinNoise.cpp(8,30): warning C4244: "Initialisierung": Konvertierung von "double" in "uint32_t", möglicher Datenverlust
C:\Users\Thomas\Documents\GitHub\Perlin-Noise-Project\Perlin-Noise-Project\Perlin-Noise-Project\PerlinNoise.cpp(22,27): warning C4018: "<": Konflikt zwischen "signed" und "unsigned"
C:\Users\Thomas\Documents\GitHub\Perlin-Noise-Project\Perlin-Noise-Project\Perlin-Noise-Project\PerlinNoise.cpp(23,31): warning C4018: "<": Konflikt zwischen "signed" und "unsigned"
C:\Users\Thomas\Documents\GitHub\Perlin-Noise-Project\Perlin-Noise-Project\Perlin-Noise-Project\PerlinNoise.cpp(39,27): warning C4018: "<": Konflikt zwischen "signed" und "unsigned"
C:\Users\Thomas\Documents\GitHub\Perlin-Noise-Project\Perlin-Noise-Project\Perlin-Noise-Project\PerlinNoise.cpp(40,31): warning C4018: "<": Konflikt zwischen "signed" und "unsigned"
C:\Users\Thomas\Documents\GitHub\Perlin-Noise-Project\Perlin-Noise-Project\Perlin-Noise-Project\PerlinNoise.cpp(49,27): warning C4018: "<": Konflikt zwischen "signed" und "unsigned"
C:\Users\Thomas\Documents\GitHub\Perlin-Noise-Project\Perlin-Noise-Project\Perlin-Noise-Project\PerlinNoise.cpp(50,31): warning C4018: "<": Konflikt zwischen "signed" und "unsigned"
C:\Users\Thomas\Documents\GitHub\Perlin-Noise-Project\Perlin-Noise-Project\Perlin-Noise-Project\PerlinNoise.cpp(181,20): warning C4018: "<": Konflikt zwischen "signed" und "unsigned"
C:\Users\Thomas\Documents\GitHub\Perlin-Noise-Project\Perlin-Noise-Project\Perlin-Noise-Project\PerlinNoise.cpp(183,27): warning C4018: "<": Konflikt zwischen "signed" und "unsigned"
C:\Users\Thomas\Documents\GitHub\Perlin-Noise-Project\Perlin-Noise-Project\Perlin-Noise-Project\PerlinNoise.cpp(203,28): warning C4018: ">": Konflikt zwischen "signed" und "unsigned"
C:\Users\Thomas\Documents\GitHub\Perlin-Noise-Project\Perlin-Noise-Project\Perlin-Noise-Project\PerlinNoise.cpp(205,32): warning C4018: ">": Konflikt zwischen "signed" und "unsigned"
C:\Users\Thomas\Documents\GitHub\Perlin-Noise-Project\Perlin-Noise-Project\Perlin-Noise-Project\PerlinNoise.cpp(225,28): warning C4018: ">": Konflikt zwischen "signed" und "unsigned"
C:\Users\Thomas\Documents\GitHub\Perlin-Noise-Project\Perlin-Noise-Project\Perlin-Noise-Project\PerlinNoise.cpp(229,39): warning C4018: ">": Konflikt zwischen "signed" und "unsigned"
C:\Users\Thomas\Documents\GitHub\Perlin-Noise-Project\Perlin-Noise-Project\Perlin-Noise-Project\PerlinNoise.cpp(231,19): warning C4018: "<": Konflikt zwischen "signed" und "unsigned"
C:\Users\Thomas\Documents\GitHub\Perlin-Noise-Project\Perlin-Noise-Project\Perlin-Noise-Project\PerlinNoise.cpp(239,40): warning C4018: ">": Konflikt zwischen "signed" und "unsigned"
C:\Users\Thomas\Documents\GitHub\Perlin-Noise-Project\Perlin-Noise-Project\Perlin-Noise-Project\PerlinNoise.cpp(290,19): warning C4018: ">": Konflikt zwischen "signed" und "unsigned"
C:\Users\Thomas\Documents\GitHub\Perlin-Noise-Project\Perlin-Noise-Project\Perlin-Noise-Project\PerlinNoise.cpp(314,23): warning C4018: "<": Konflikt zwischen "signed" und "unsigned"
C:\Users\Thomas\Documents\GitHub\Perlin-Noise-Project\Perlin-Noise-Project\Perlin-Noise-Project\PerlinNoise.cpp(316,27): warning C4018: "<": Konflikt zwischen "signed" und "unsigned"
C:\Users\Thomas\Documents\GitHub\Perlin-Noise-Project\Perlin-Noise-Project\Perlin-Noise-Project\PerlinNoise.cpp(337,35): warning C4018: ">": Konflikt zwischen "signed" und "unsigned"
C:\Users\Thomas\Documents\GitHub\Perlin-Noise-Project\Perlin-Noise-Project\Perlin-Noise-Project\PerlinNoise.cpp(340,39): warning C4018: ">": Konflikt zwischen "signed" und "unsigned"
C:\Users\Thomas\Documents\GitHub\Perlin-Noise-Project\Perlin-Noise-Project\Perlin-Noise-Project\PerlinNoise.cpp(342,36): warning C4018: ">": Konflikt zwischen "signed" und "unsigned"
C:\Users\Thomas\Documents\GitHub\Perlin-Noise-Project\Perlin-Noise-Project\Perlin-Noise-Project\PerlinNoise.cpp(344,23): warning C4018: "<": Konflikt zwischen "signed" und "unsigned"
C:\Users\Thomas\Documents\GitHub\Perlin-Noise-Project\Perlin-Noise-Project\Perlin-Noise-Project\PerlinNoise.cpp(348,44): warning C4018: ">": Konflikt zwischen "signed" und "unsigned"
C:\Users\Thomas\Documents\GitHub\Perlin-Noise-Project\Perlin-Noise-Project\Perlin-Noise-Project\PerlinNoise.cpp(356,23): warning C4018: ">": Konflikt zwischen "signed" und "unsigned"
  main.cpp
C:\Users\Thomas\Documents\GitHub\Perlin-Noise-Project\Perlin-Noise-Project\Perlin-Noise-Project\PerlinNoise.h(85,21): warning C4018: "<": Konflikt zwischen "signed" und "unsigned"
C:\Users\Thomas\Documents\GitHub\Perlin-Noise-Project\Perlin-Noise-Project\Perlin-Noise-Project\PerlinNoise.h(88,22): warning C4018: "<": Konflikt zwischen "signed" und "unsigned"
C:\Users\Thomas\Documents\GitHub\Perlin-Noise-Project\Perlin-Noise-Project\Perlin-Noise-Project\PerlinNoise.h(96,21): warning C4018: "<": Konflikt zwischen "signed" und "unsigned"
C:\Users\Thomas\Documents\GitHub\Perlin-Noise-Project\Perlin-Noise-Project\Perlin-Noise-Project\PerlinNoise.h(98,22): warning C4018: "<": Konflikt zwischen "signed" und "unsigned"
C:\Users\Thomas\Documents\GitHub\Perlin-Noise-Project\Perlin-Noise-Project\Perlin-Noise-Project\PerlinMap.h(29,21): warning C4018: "<": Konflikt zwischen "signed" und "unsigned"
C:\Users\Thomas\Documents\GitHub\Perlin-Noise-Project\Perlin-Noise-Project\Perlin-Noise-Project\PerlinMap.h(40,21): warning C4244: "Initialisierung": Konvertierung von "double" in "uint32_t", möglicher Datenverlust
C:\Users\Thomas\Documents\GitHub\Perlin-Noise-Project\Perlin-Noise-Project\Perlin-Noise-Project\PerlinMap.h(41,21): warning C4244: "Initialisierung": Konvertierung von "double" in "uint32_t", möglicher Datenverlust
  Code wird generiert...
  Perlin-Noise-Project.vcxproj -> C:\Users\Thomas\Documents\GitHub\Perlin-Noise-Project\Perlin-Noise-Project\Debug\Perlin-Noise-Project.exe
